{
  "stats": {
    "suites": 1,
    "tests": 5,
    "passes": 5,
    "pending": 0,
    "failures": 0,
    "start": "2023-06-09T13:15:20.263Z",
    "end": "2023-06-09T13:16:08.352Z",
    "duration": 48089,
    "testsRegistered": 5,
    "passPercent": 100,
    "pendingPercent": 0,
    "other": 0,
    "hasOther": false,
    "skipped": 0,
    "hasSkipped": false
  },
  "results": [
    {
      "uuid": "ac52a684-9357-4724-9232-a2ae2a06b784",
      "title": "",
      "fullFile": "cypress/e2e/ArticleFlow.cy.js",
      "file": "cypress/e2e/ArticleFlow.cy.js",
      "beforeHooks": [],
      "afterHooks": [],
      "tests": [],
      "suites": [
        {
          "uuid": "448d73d4-2667-4d7a-b8a7-635a42eb2446",
          "title": "Article flow tests",
          "fullFile": "",
          "file": "",
          "beforeHooks": [],
          "afterHooks": [],
          "tests": [
            {
              "title": "Creating a new article",
              "fullTitle": "Article flow tests Creating a new article",
              "timedOut": null,
              "duration": 12544,
              "state": "passed",
              "speed": "slow",
              "pass": true,
              "fail": false,
              "pending": false,
              "context": "\"videos/ArticleFlow.cy.js.mp4\"",
              "code": "const title = _faker.faker.hacker.phrase();\ncy.contains(\"New Article\").click();\ncy.get('[placeholder=\"Article Title\"]').type(title);\ncy.checkA11y(null, null, null, true);\ncy.get('[placeholder=\"What\\'s this article about?\"]').type(\"This article is about why Caíque Coelho is the perfect candidate\");\ncy.get('[placeholder=\"Write your article (in markdown)\"]').type(`## ${_faker.faker.hacker.phrase()}\\n### ${_faker.faker.hacker.phrase()}`);\ncy.get('[placeholder=\"Enter tags\"]').type(\"hire{enter}\").type(\"Caique Coelho{enter}\");\ncy.contains(\"button\", \"Publish Article\").click();\ncy.contains(title).should(\"be.visible\");\ncy.checkA11y(null, null, null, true);",
              "err": {},
              "uuid": "cd6d898a-147b-4f48-8313-c1dd3bfa3bd1",
              "parentUUID": "448d73d4-2667-4d7a-b8a7-635a42eb2446",
              "isHook": false,
              "skipped": false
            },
            {
              "title": "Try to create article with an empty title",
              "fullTitle": "Article flow tests Try to create article with an empty title",
              "timedOut": null,
              "duration": 782,
              "state": "passed",
              "speed": "fast",
              "pass": true,
              "fail": false,
              "pending": false,
              "context": "\"videos/ArticleFlow.cy.js.mp4\"",
              "code": "const title = _faker.faker.hacker.phrase();\ncy.contains(\"New Article\").click();\ncy.contains(\"button\", \"Publish Article\").click();\ncy.contains(\"titlecan't be blank\").should(\"be.visible\");",
              "err": {},
              "uuid": "5e5930e5-405d-4017-93b3-f3e29ff874cb",
              "parentUUID": "448d73d4-2667-4d7a-b8a7-635a42eb2446",
              "isHook": false,
              "skipped": false
            },
            {
              "title": "Try to create an article with an already published article title",
              "fullTitle": "Article flow tests Try to create an article with an already published article title",
              "timedOut": null,
              "duration": 5285,
              "state": "passed",
              "speed": "medium",
              "pass": true,
              "fail": false,
              "pending": false,
              "context": "\"videos/ArticleFlow.cy.js.mp4\"",
              "code": "const title = _faker.faker.hacker.phrase();\ncy.contains(\"New Article\").click();\ncy.get('[placeholder=\"Article Title\"]').type(\"quantifying the matrix won't do anything, we need to parse the redundant PCI transmitter!\");\ncy.get('[placeholder=\"What\\'s this article about?\"]').type(\"This article is about why Caíque Coelho is the perfect candidate\");\ncy.get('[placeholder=\"Write your article (in markdown)\"]').type(`## ${_faker.faker.hacker.phrase()}\\n### ${_faker.faker.hacker.phrase()}`);\ncy.get('[placeholder=\"Enter tags\"]').type(\"hire{enter}\").type(\"Caique Coelho{enter}\");\ncy.contains(\"button\", \"Publish Article\").click();\ncy.contains(\"titlemust be unique\").should(\"be.visible\");",
              "err": {},
              "uuid": "1fc08ebf-8086-4cac-ad35-2bb0feaa05c7",
              "parentUUID": "448d73d4-2667-4d7a-b8a7-635a42eb2446",
              "isHook": false,
              "skipped": false
            },
            {
              "title": "Editing the last published article",
              "fullTitle": "Article flow tests Editing the last published article",
              "timedOut": null,
              "duration": 15911,
              "state": "passed",
              "speed": "slow",
              "pass": true,
              "fail": false,
              "pending": false,
              "context": "\"videos/ArticleFlow.cy.js.mp4\"",
              "code": "const title = _faker.faker.hacker.phrase();\ncy.createArticle(title);\ncy.contains(\"Caíque Coelho\").click();\ncy.contains(\"Loading articles...\").should(\"not.exist\");\ncy.contains(title).click();\ncy.contains(\"span\", \"Edit Article\").click();\ncy.get('[placeholder=\"Article Title\"]').clear().type(`[EDITED]${title}`);\ncy.get('[placeholder=\"What\\'s this article about?\"]').clear().type(`[Edited] What\\'s this article about - ${_faker.faker.hacker.phrase()}`);\ncy.get('[placeholder=\"Write your article (in markdown)\"]').clear().type(`# Edited\\n## ${_faker.faker.hacker.phrase()}\\n### ${_faker.faker.hacker.phrase()}`);\ncy.get('[placeholder=\"Enter tags\"]').type(\"Edited Tag{enter}\");\ncy.contains(\"button\", \"Publish Article\").click();\ncy.contains(`[EDITED]${title}`, {\n  timeout: 20000\n}).should(\"be.visible\");",
              "err": {},
              "uuid": "8b884125-d847-4e7a-8ec9-88af50516ac1",
              "parentUUID": "448d73d4-2667-4d7a-b8a7-635a42eb2446",
              "isHook": false,
              "skipped": false
            },
            {
              "title": "Deleting the last published article",
              "fullTitle": "Article flow tests Deleting the last published article",
              "timedOut": null,
              "duration": 10421,
              "state": "passed",
              "speed": "slow",
              "pass": true,
              "fail": false,
              "pending": false,
              "context": "\"videos/ArticleFlow.cy.js.mp4\"",
              "code": "const title = _faker.faker.hacker.phrase();\ncy.createArticle(title);\ncy.contains(\"Caíque Coelho\").click();\ncy.contains(\"My Articles\").should(\"be.visible\");\ncy.contains(\"Loading articles...\").should(\"not.exist\");\ncy.contains(title).click(); // TODO Change to the generated article name\ncy.contains(\"span\", \"Delete Article\").should(\"be.visible\");\ncy.get(\"h1\").invoke(\"text\").then(title => {\n  cy.contains(\"span\", \"Delete Article\").click();\n  cy.contains(\"Global Feed\").should(\"be.visible\");\n  cy.contains(\"Loading articles...\").should(\"not.exist\");\n  cy.contains(title).should(\"not.exist\");\n});",
              "err": {},
              "uuid": "bfbccd52-1eac-4316-a8fb-7e6421fd7f36",
              "parentUUID": "448d73d4-2667-4d7a-b8a7-635a42eb2446",
              "isHook": false,
              "skipped": false
            }
          ],
          "suites": [],
          "passes": [
            "cd6d898a-147b-4f48-8313-c1dd3bfa3bd1",
            "5e5930e5-405d-4017-93b3-f3e29ff874cb",
            "1fc08ebf-8086-4cac-ad35-2bb0feaa05c7",
            "8b884125-d847-4e7a-8ec9-88af50516ac1",
            "bfbccd52-1eac-4316-a8fb-7e6421fd7f36"
          ],
          "failures": [],
          "pending": [],
          "skipped": [],
          "duration": 44943,
          "root": false,
          "rootEmpty": false,
          "_timeout": 2000
        }
      ],
      "passes": [],
      "failures": [],
      "pending": [],
      "skipped": [],
      "duration": 0,
      "root": true,
      "rootEmpty": true,
      "_timeout": 2000
    }
  ],
  "meta": {
    "mocha": {
      "version": "7.0.1"
    },
    "mochawesome": {
      "options": {
        "quiet": false,
        "reportFilename": "mochawesome",
        "saveHtml": false,
        "saveJson": true,
        "consoleReporter": "spec",
        "useInlineDiffs": false,
        "code": true
      },
      "version": "7.1.3"
    },
    "marge": {
      "options": {
        "id": "default",
        "overwrite": false,
        "html": false,
        "json": true,
        "reportDir": "cypress/reports/html/.jsons"
      },
      "version": "6.2.0"
    }
  }
}