{
  "stats": {
    "suites": 1,
    "tests": 4,
    "passes": 4,
    "pending": 0,
    "failures": 0,
    "start": "2023-06-09T13:16:12.573Z",
    "end": "2023-06-09T13:16:23.438Z",
    "duration": 10865,
    "testsRegistered": 4,
    "passPercent": 100,
    "pendingPercent": 0,
    "other": 0,
    "hasOther": false,
    "skipped": 0,
    "hasSkipped": false
  },
  "results": [
    {
      "uuid": "7b35c4d2-d597-40ca-95bf-736edadf5801",
      "title": "",
      "fullFile": "cypress/e2e/Signin&Signup.cy.js",
      "file": "cypress/e2e/Signin&Signup.cy.js",
      "beforeHooks": [],
      "afterHooks": [],
      "tests": [],
      "suites": [
        {
          "uuid": "0bc1f83b-a9c2-461b-aada-9dce66b87fa4",
          "title": "Signin and Sinup flow tests",
          "fullFile": "",
          "file": "",
          "beforeHooks": [],
          "afterHooks": [],
          "tests": [
            {
              "title": "User registration",
              "fullTitle": "Signin and Sinup flow tests User registration",
              "timedOut": null,
              "duration": 3134,
              "state": "passed",
              "speed": "fast",
              "pass": true,
              "fail": false,
              "pending": false,
              "context": "\"videos/Signin&Signup.cy.js.mp4\"",
              "code": "const userName = _faker.faker.internet.userName();\ncy.contains(\"Sign up\").click();\ncy.get('[placeholder=\"Username\"]').type(userName);\ncy.checkA11y(null, null, null, true);\ncy.get('[placeholder=\"Email\"]').type(_faker.faker.internet.email());\ncy.get('[type=\"password\"]').type(\"teste123\");\ncy.contains(\"button\", \"Sign up\").click();\ncy.contains(\"Sign up\").should(\"not.exist\");\ncy.contains(userName).should(\"be.visible\");",
              "err": {},
              "uuid": "0bd5b32d-8d99-47cf-ad44-7cc375ab82d3",
              "parentUUID": "0bc1f83b-a9c2-461b-aada-9dce66b87fa4",
              "isHook": false,
              "skipped": false
            },
            {
              "title": "Try to create a user with the same e-mail and username already registered",
              "fullTitle": "Signin and Sinup flow tests Try to create a user with the same e-mail and username already registered",
              "timedOut": null,
              "duration": 1497,
              "state": "passed",
              "speed": "fast",
              "pass": true,
              "fail": false,
              "pending": false,
              "context": "\"videos/Signin&Signup.cy.js.mp4\"",
              "code": "cy.contains(\"Sign up\").click();\ncy.get('[placeholder=\"Username\"]').type(\"Caique Coelho\");\ncy.get('[placeholder=\"Email\"]').type(\"caiquedpfc@gmail.com\");\ncy.get('[type=\"password\"]').type(\"teste123\");\ncy.contains(\"button\", \"Sign up\").click();\ncy.contains(\"email has already been taken\").should(\"be.visible\");\ncy.contains(\"username has already been taken\").should(\"be.visible\");",
              "err": {},
              "uuid": "fa3d3828-988f-4a4d-bcc4-4dac73c323ed",
              "parentUUID": "0bc1f83b-a9c2-461b-aada-9dce66b87fa4",
              "isHook": false,
              "skipped": false
            },
            {
              "title": "User login",
              "fullTitle": "Signin and Sinup flow tests User login",
              "timedOut": null,
              "duration": 1751,
              "state": "passed",
              "speed": "fast",
              "pass": true,
              "fail": false,
              "pending": false,
              "context": "\"videos/Signin&Signup.cy.js.mp4\"",
              "code": "cy.checkA11y(null, null, null, true);\ncy.contains(\"Sign in\").click();\ncy.get('[placeholder=\"Email\"]').type(\"caiquedpfc@gmail.com\"); // TODO Change to create custom command\ncy.get('[type=\"password\"]').type(\"test123\");\ncy.contains(\"button\", \"Sign in\").click();\ncy.contains(\"Sign up\").should(\"not.exist\");\ncy.contains(\"Caíque Coelho\").should(\"be.visible\");\ncy.checkA11y(null, null, null, true);",
              "err": {},
              "uuid": "9ee206be-bb83-4b06-8ba3-f0d6156720b1",
              "parentUUID": "0bc1f83b-a9c2-461b-aada-9dce66b87fa4",
              "isHook": false,
              "skipped": false
            },
            {
              "title": "Try to log in with incorrect credentials",
              "fullTitle": "Signin and Sinup flow tests Try to log in with incorrect credentials",
              "timedOut": null,
              "duration": 1406,
              "state": "passed",
              "speed": "fast",
              "pass": true,
              "fail": false,
              "pending": false,
              "context": "\"videos/Signin&Signup.cy.js.mp4\"",
              "code": "cy.checkA11y(null, null, null, true);\ncy.contains(\"Sign in\").click();\ncy.get('[placeholder=\"Email\"]').type(\"caiquedpfc@gmail.com\"); // TODO Change to create custom command\ncy.get('[type=\"password\"]').type(\"test12\");\ncy.contains(\"button\", \"Sign in\").click();\ncy.contains(\"email or password is invalid\").should(\"be.visible\");",
              "err": {},
              "uuid": "ac4fc4de-a920-490a-887d-a54fd95ac3e2",
              "parentUUID": "0bc1f83b-a9c2-461b-aada-9dce66b87fa4",
              "isHook": false,
              "skipped": false
            }
          ],
          "suites": [],
          "passes": [
            "0bd5b32d-8d99-47cf-ad44-7cc375ab82d3",
            "fa3d3828-988f-4a4d-bcc4-4dac73c323ed",
            "9ee206be-bb83-4b06-8ba3-f0d6156720b1",
            "ac4fc4de-a920-490a-887d-a54fd95ac3e2"
          ],
          "failures": [],
          "pending": [],
          "skipped": [],
          "duration": 7788,
          "root": false,
          "rootEmpty": false,
          "_timeout": 2000
        }
      ],
      "passes": [],
      "failures": [],
      "pending": [],
      "skipped": [],
      "duration": 0,
      "root": true,
      "rootEmpty": true,
      "_timeout": 2000
    }
  ],
  "meta": {
    "mocha": {
      "version": "7.0.1"
    },
    "mochawesome": {
      "options": {
        "quiet": false,
        "reportFilename": "mochawesome",
        "saveHtml": false,
        "saveJson": true,
        "consoleReporter": "spec",
        "useInlineDiffs": false,
        "code": true
      },
      "version": "7.1.3"
    },
    "marge": {
      "options": {
        "id": "default",
        "overwrite": false,
        "html": false,
        "json": true,
        "reportDir": "cypress/reports/html/.jsons"
      },
      "version": "6.2.0"
    }
  }
}
