{
  "stats": {
    "suites": 1,
    "tests": 5,
    "passes": 5,
    "pending": 0,
    "failures": 0,
    "start": "2023-06-08T16:53:56.344Z",
    "end": "2023-06-08T16:54:39.556Z",
    "duration": 43212,
    "testsRegistered": 5,
    "passPercent": 100,
    "pendingPercent": 0,
    "other": 0,
    "hasOther": false,
    "skipped": 0,
    "hasSkipped": false
  },
  "results": [
    {
      "uuid": "a8720fb4-856c-4870-bb56-a313660fae81",
      "title": "",
      "fullFile": "cypress/e2e/ArticleFlow.cy.js",
      "file": "cypress/e2e/ArticleFlow.cy.js",
      "beforeHooks": [],
      "afterHooks": [],
      "tests": [],
      "suites": [
        {
          "uuid": "e26f261f-15e0-425a-8ac7-7e7632acfa16",
          "title": "template spec",
          "fullFile": "",
          "file": "",
          "beforeHooks": [],
          "afterHooks": [],
          "tests": [
            {
              "title": "Creating a new article",
              "fullTitle": "template spec Creating a new article",
              "timedOut": null,
              "duration": 9039,
              "state": "passed",
              "speed": "medium",
              "pass": true,
              "fail": false,
              "pending": false,
              "context": null,
              "code": "const title = _faker.faker.hacker.phrase();\ncy.contains(\"New Article\").click();\ncy.get('[placeholder=\"Article Title\"]').type(title);\ncy.checkA11y(null, null, null, true);\ncy.get('[placeholder=\"What\\'s this article about?\"]').type(\"This article is about why Caíque Coelho is the perfect candidate\");\ncy.get('[placeholder=\"Write your article (in markdown)\"]').type(`## ${_faker.faker.hacker.phrase()}\\n### ${_faker.faker.hacker.phrase()}`);\ncy.get('[placeholder=\"Enter tags\"]').type(\"hire{enter}\").type(\"Caique Coelho{enter}\");\ncy.contains(\"button\", \"Publish Article\").click();\ncy.contains(title).should(\"be.visible\");\ncy.checkA11y(null, null, null, true);",
              "err": {},
              "uuid": "3370695b-07d1-463d-9767-51cc88dee920",
              "parentUUID": "e26f261f-15e0-425a-8ac7-7e7632acfa16",
              "isHook": false,
              "skipped": false
            },
            {
              "title": "Try to create article with an empty title",
              "fullTitle": "template spec Try to create article with an empty title",
              "timedOut": null,
              "duration": 721,
              "state": "passed",
              "speed": "fast",
              "pass": true,
              "fail": false,
              "pending": false,
              "context": null,
              "code": "const title = _faker.faker.hacker.phrase();\ncy.contains(\"New Article\").click();\ncy.contains(\"button\", \"Publish Article\").click();\ncy.contains(\"titlecan't be blank\").should(\"be.visible\");",
              "err": {},
              "uuid": "dd9406cd-867f-49ab-9a94-942a403b26d2",
              "parentUUID": "e26f261f-15e0-425a-8ac7-7e7632acfa16",
              "isHook": false,
              "skipped": false
            },
            {
              "title": "Try to create an article with an already published article title",
              "fullTitle": "template spec Try to create an article with an already published article title",
              "timedOut": null,
              "duration": 5357,
              "state": "passed",
              "speed": "medium",
              "pass": true,
              "fail": false,
              "pending": false,
              "context": null,
              "code": "const title = _faker.faker.hacker.phrase();\ncy.contains(\"New Article\").click();\ncy.get('[placeholder=\"Article Title\"]').type(\"quantifying the matrix won't do anything, we need to parse the redundant PCI transmitter!\");\ncy.get('[placeholder=\"What\\'s this article about?\"]').type(\"This article is about why Caíque Coelho is the perfect candidate\");\ncy.get('[placeholder=\"Write your article (in markdown)\"]').type(`## ${_faker.faker.hacker.phrase()}\\n### ${_faker.faker.hacker.phrase()}`);\ncy.get('[placeholder=\"Enter tags\"]').type(\"hire{enter}\").type(\"Caique Coelho{enter}\");\ncy.contains(\"button\", \"Publish Article\").click();\ncy.contains(\"titlemust be unique\").should(\"be.visible\");",
              "err": {},
              "uuid": "ea41e299-ca12-47d3-9ba8-cc7e6b1d2400",
              "parentUUID": "e26f261f-15e0-425a-8ac7-7e7632acfa16",
              "isHook": false,
              "skipped": false
            },
            {
              "title": "Editing the last published article",
              "fullTitle": "template spec Editing the last published article",
              "timedOut": null,
              "duration": 14738,
              "state": "passed",
              "speed": "slow",
              "pass": true,
              "fail": false,
              "pending": false,
              "context": null,
              "code": "const title = _faker.faker.hacker.phrase();\ncy.createArticle(title);\ncy.contains(\"Caíque Coelho\").click();\ncy.contains(\"Loading articles...\").should(\"not.exist\");\ncy.contains(title).click();\ncy.contains(\"span\", \"Edit Article\").click();\ncy.get('[placeholder=\"Article Title\"]').clear().type(`[EDITED]${title}`);\ncy.get('[placeholder=\"What\\'s this article about?\"]').clear().type(`[Edited] What\\'s this article about - ${_faker.faker.hacker.phrase()}`);\ncy.get('[placeholder=\"Write your article (in markdown)\"]').clear().type(`# Edited\\n## ${_faker.faker.hacker.phrase()}\\n### ${_faker.faker.hacker.phrase()}`);\ncy.get('[placeholder=\"Enter tags\"]').type(\"Edited Tag{enter}\");\ncy.contains(\"button\", \"Publish Article\").click();\ncy.contains(`[EDITED]${title}`, {\n  timeout: 20000\n}).should(\"be.visible\");",
              "err": {},
              "uuid": "4af87d14-c05d-4d38-9d1e-1df9be143dc5",
              "parentUUID": "e26f261f-15e0-425a-8ac7-7e7632acfa16",
              "isHook": false,
              "skipped": false
            },
            {
              "title": "Deleting the last published article",
              "fullTitle": "template spec Deleting the last published article",
              "timedOut": null,
              "duration": 10831,
              "state": "passed",
              "speed": "slow",
              "pass": true,
              "fail": false,
              "pending": false,
              "context": null,
              "code": "const title = _faker.faker.hacker.phrase();\ncy.createArticle(title);\ncy.contains(\"Caíque Coelho\").click();\ncy.contains(\"My Articles\").should(\"be.visible\");\ncy.contains(\"Loading articles...\").should(\"not.exist\");\ncy.contains(title).click(); // TODO Change to the generated article name\ncy.contains(\"span\", \"Delete Article\").should(\"be.visible\");\ncy.get(\"h1\").invoke(\"text\").then(title => {\n  cy.contains(\"span\", \"Delete Article\").click();\n  cy.contains(\"Global Feed\").should(\"be.visible\");\n  cy.contains(\"Loading articles...\").should(\"not.exist\");\n  cy.contains(title).should(\"not.exist\");\n});",
              "err": {},
              "uuid": "82205c8b-492d-45c7-be9d-23eefa9596be",
              "parentUUID": "e26f261f-15e0-425a-8ac7-7e7632acfa16",
              "isHook": false,
              "skipped": false
            }
          ],
          "suites": [],
          "passes": [
            "3370695b-07d1-463d-9767-51cc88dee920",
            "dd9406cd-867f-49ab-9a94-942a403b26d2",
            "ea41e299-ca12-47d3-9ba8-cc7e6b1d2400",
            "4af87d14-c05d-4d38-9d1e-1df9be143dc5",
            "82205c8b-492d-45c7-be9d-23eefa9596be"
          ],
          "failures": [],
          "pending": [],
          "skipped": [],
          "duration": 40686,
          "root": false,
          "rootEmpty": false,
          "_timeout": 2000
        }
      ],
      "passes": [],
      "failures": [],
      "pending": [],
      "skipped": [],
      "duration": 0,
      "root": true,
      "rootEmpty": true,
      "_timeout": 2000
    }
  ],
  "meta": {
    "mocha": {
      "version": "7.0.1"
    },
    "mochawesome": {
      "options": {
        "quiet": false,
        "reportFilename": "mochawesome",
        "saveHtml": false,
        "saveJson": true,
        "consoleReporter": "spec",
        "useInlineDiffs": false,
        "code": true
      },
      "version": "7.1.3"
    },
    "marge": {
      "options": {
        "id": "default",
        "overwrite": false,
        "html": false,
        "json": true,
        "reportDir": "cypress/reports/html/.jsons"
      },
      "version": "6.2.0"
    }
  }
}