{
  "stats": {
    "suites": 1,
    "tests": 5,
    "passes": 5,
    "pending": 0,
    "failures": 0,
    "start": "2023-06-08T18:52:32.922Z",
    "end": "2023-06-08T18:53:14.752Z",
    "duration": 41830,
    "testsRegistered": 5,
    "passPercent": 100,
    "pendingPercent": 0,
    "other": 0,
    "hasOther": false,
    "skipped": 0,
    "hasSkipped": false
  },
  "results": [
    {
      "uuid": "9b4ebd35-6cd0-424f-896b-36862b37f566",
      "title": "",
      "fullFile": "cypress/e2e/ArticleFlow.cy.js",
      "file": "cypress/e2e/ArticleFlow.cy.js",
      "beforeHooks": [],
      "afterHooks": [],
      "tests": [],
      "suites": [
        {
          "uuid": "8015ba87-02f1-4c36-a19b-ea10204daed2",
          "title": "Article flow tests",
          "fullFile": "",
          "file": "",
          "beforeHooks": [],
          "afterHooks": [],
          "tests": [
            {
              "title": "Creating a new article",
              "fullTitle": "Article flow tests Creating a new article",
              "timedOut": null,
              "duration": 9554,
              "state": "passed",
              "speed": "medium",
              "pass": true,
              "fail": false,
              "pending": false,
              "context": "[\n  \"screenshots/ArticleFlow.cy.js/ArticleFlow.cy.js/Article flow tests -- Creating a new article (failed).png\",\n  \"videos/ArticleFlow.cy.js/ArticleFlow.cy.js.mp4\"\n]",
              "code": "const title = _faker.faker.hacker.phrase();\ncy.contains(\"New Article\").click();\ncy.get('[placeholder=\"Article Title\"]').type(title);\ncy.checkA11y(null, null, null, true);\ncy.get('[placeholder=\"What\\'s this article about?\"]').type(\"This article is about why Caíque Coelho is the perfect candidate\");\ncy.get('[placeholder=\"Write your article (in markdown)\"]').type(`## ${_faker.faker.hacker.phrase()}\\n### ${_faker.faker.hacker.phrase()}`);\ncy.get('[placeholder=\"Enter tags\"]').type(\"hire{enter}\").type(\"Caique Coelho{enter}\");\ncy.contains(\"button\", \"Publish Article\").click();\ncy.contains(title).should(\"be.visible\");\ncy.checkA11y(null, null, null, true);",
              "err": {},
              "uuid": "6d5f87dc-b3e8-4e69-8d26-c7a3070ac307",
              "parentUUID": "8015ba87-02f1-4c36-a19b-ea10204daed2",
              "isHook": false,
              "skipped": false
            },
            {
              "title": "Try to create article with an empty title",
              "fullTitle": "Article flow tests Try to create article with an empty title",
              "timedOut": null,
              "duration": 735,
              "state": "passed",
              "speed": "fast",
              "pass": true,
              "fail": false,
              "pending": false,
              "context": "[\n  \"screenshots/ArticleFlow.cy.js/ArticleFlow.cy.js/Article flow tests -- Try to create article with an empty title (failed).png\",\n  \"videos/ArticleFlow.cy.js/ArticleFlow.cy.js.mp4\"\n]",
              "code": "const title = _faker.faker.hacker.phrase();\ncy.contains(\"New Article\").click();\ncy.contains(\"button\", \"Publish Article\").click();\ncy.contains(\"titlecan't be blank\").should(\"be.visible\");",
              "err": {},
              "uuid": "f5eceb77-66a6-4f7e-9a5e-8183b2da0b00",
              "parentUUID": "8015ba87-02f1-4c36-a19b-ea10204daed2",
              "isHook": false,
              "skipped": false
            },
            {
              "title": "Try to create an article with an already published article title",
              "fullTitle": "Article flow tests Try to create an article with an already published article title",
              "timedOut": null,
              "duration": 5159,
              "state": "passed",
              "speed": "medium",
              "pass": true,
              "fail": false,
              "pending": false,
              "context": "[\n  \"screenshots/ArticleFlow.cy.js/ArticleFlow.cy.js/Article flow tests -- Try to create an article with an already published article title (failed).png\",\n  \"videos/ArticleFlow.cy.js/ArticleFlow.cy.js.mp4\"\n]",
              "code": "const title = _faker.faker.hacker.phrase();\ncy.contains(\"New Article\").click();\ncy.get('[placeholder=\"Article Title\"]').type(\"quantifying the matrix won't do anything, we need to parse the redundant PCI transmitter!\");\ncy.get('[placeholder=\"What\\'s this article about?\"]').type(\"This article is about why Caíque Coelho is the perfect candidate\");\ncy.get('[placeholder=\"Write your article (in markdown)\"]').type(`## ${_faker.faker.hacker.phrase()}\\n### ${_faker.faker.hacker.phrase()}`);\ncy.get('[placeholder=\"Enter tags\"]').type(\"hire{enter}\").type(\"Caique Coelho{enter}\");\ncy.contains(\"button\", \"Publish Article\").click();\ncy.contains(\"titlemust be unique\").should(\"be.visible\");",
              "err": {},
              "uuid": "5893d766-796e-4aba-9782-9387317fd06e",
              "parentUUID": "8015ba87-02f1-4c36-a19b-ea10204daed2",
              "isHook": false,
              "skipped": false
            },
            {
              "title": "Editing the last published article",
              "fullTitle": "Article flow tests Editing the last published article",
              "timedOut": null,
              "duration": 15859,
              "state": "passed",
              "speed": "slow",
              "pass": true,
              "fail": false,
              "pending": false,
              "context": "[\n  \"screenshots/ArticleFlow.cy.js/ArticleFlow.cy.js/Article flow tests -- Editing the last published article (failed).png\",\n  \"videos/ArticleFlow.cy.js/ArticleFlow.cy.js.mp4\"\n]",
              "code": "const title = _faker.faker.hacker.phrase();\ncy.createArticle(title);\ncy.contains(\"Caíque Coelho\").click();\ncy.contains(\"Loading articles...\").should(\"not.exist\");\ncy.contains(title).click();\ncy.contains(\"span\", \"Edit Article\").click();\ncy.get('[placeholder=\"Article Title\"]').clear().type(`[EDITED]${title}`);\ncy.get('[placeholder=\"What\\'s this article about?\"]').clear().type(`[Edited] What\\'s this article about - ${_faker.faker.hacker.phrase()}`);\ncy.get('[placeholder=\"Write your article (in markdown)\"]').clear().type(`# Edited\\n## ${_faker.faker.hacker.phrase()}\\n### ${_faker.faker.hacker.phrase()}`);\ncy.get('[placeholder=\"Enter tags\"]').type(\"Edited Tag{enter}\");\ncy.contains(\"button\", \"Publish Article\").click();\ncy.contains(`[EDITED]${title}`, {\n  timeout: 20000\n}).should(\"be.visible\");",
              "err": {},
              "uuid": "a8cba4f0-47d2-4f4b-ad89-d4faf0d6b8f4",
              "parentUUID": "8015ba87-02f1-4c36-a19b-ea10204daed2",
              "isHook": false,
              "skipped": false
            },
            {
              "title": "Deleting the last published article",
              "fullTitle": "Article flow tests Deleting the last published article",
              "timedOut": null,
              "duration": 10434,
              "state": "passed",
              "speed": "slow",
              "pass": true,
              "fail": false,
              "pending": false,
              "context": "[\n  \"screenshots/ArticleFlow.cy.js/ArticleFlow.cy.js/Article flow tests -- Deleting the last published article (failed).png\",\n  \"videos/ArticleFlow.cy.js/ArticleFlow.cy.js.mp4\"\n]",
              "code": "const title = _faker.faker.hacker.phrase();\ncy.createArticle(title);\ncy.contains(\"Caíque Coelho\").click();\ncy.contains(\"My Articles\").should(\"be.visible\");\ncy.contains(\"Loading articles...\").should(\"not.exist\");\ncy.contains(title).click(); // TODO Change to the generated article name\ncy.contains(\"span\", \"Delete Article\").should(\"be.visible\");\ncy.get(\"h1\").invoke(\"text\").then(title => {\n  cy.contains(\"span\", \"Delete Article\").click();\n  cy.contains(\"Global Feed\").should(\"be.visible\");\n  cy.contains(\"Loading articles...\").should(\"not.exist\");\n  cy.contains(title).should(\"not.exist\");\n});",
              "err": {},
              "uuid": "5c01cb8d-f6e0-415d-a89c-14b1accd3664",
              "parentUUID": "8015ba87-02f1-4c36-a19b-ea10204daed2",
              "isHook": false,
              "skipped": false
            }
          ],
          "suites": [],
          "passes": [
            "6d5f87dc-b3e8-4e69-8d26-c7a3070ac307",
            "f5eceb77-66a6-4f7e-9a5e-8183b2da0b00",
            "5893d766-796e-4aba-9782-9387317fd06e",
            "a8cba4f0-47d2-4f4b-ad89-d4faf0d6b8f4",
            "5c01cb8d-f6e0-415d-a89c-14b1accd3664"
          ],
          "failures": [],
          "pending": [],
          "skipped": [],
          "duration": 41741,
          "root": false,
          "rootEmpty": false,
          "_timeout": 2000
        }
      ],
      "passes": [],
      "failures": [],
      "pending": [],
      "skipped": [],
      "duration": 0,
      "root": true,
      "rootEmpty": true,
      "_timeout": 2000
    }
  ],
  "meta": {
    "mocha": {
      "version": "7.0.1"
    },
    "mochawesome": {
      "options": {
        "quiet": false,
        "reportFilename": "mochawesome",
        "saveHtml": false,
        "saveJson": true,
        "consoleReporter": "spec",
        "useInlineDiffs": false,
        "code": true
      },
      "version": "7.1.3"
    },
    "marge": {
      "options": {
        "id": "default",
        "overwrite": false,
        "html": false,
        "json": true,
        "reportDir": "cypress/reports/html/.jsons"
      },
      "version": "6.2.0"
    }
  }
}